<?xml version="1.0" encoding="UTF-8"?>
<robot generator="Robot 6.0.1 (Python 3.10.5 on win32)" generated="20230106 20:09:28.290" rpa="false" schemaversion="3">
<suite id="s1" name="Logintest" source="C:\Users\Mansi Patel\PycharmProjects\pythonProject1\pythonProject\RF_project\TestCases\logintest.robot">
<test id="s1-t1" name="Login test" line="12">
<kw name="open my browser" library="loginkeywords">
<arg>${Siteurl1}</arg>
<arg>${browser}</arg>
<kw name="Open Browser" library="SeleniumLibrary">
<arg>${Siteurl1}</arg>
<arg>${browser}</arg>
<doc>Opens a new browser instance to the optional ``url``.</doc>
<msg timestamp="20230106 20:09:28.832" level="INFO">Opening browser 'chrome' to base url 'https://opensource-demo.orangehrmlive.com/web/index.php/auth/login'.</msg>
<status status="PASS" starttime="20230106 20:09:28.831" endtime="20230106 20:09:36.670"/>
</kw>
<kw name="Maximize Browser Window" library="SeleniumLibrary">
<doc>Maximizes current browser window.</doc>
<status status="PASS" starttime="20230106 20:09:36.671" endtime="20230106 20:09:36.799"/>
</kw>
<status status="PASS" starttime="20230106 20:09:28.830" endtime="20230106 20:09:36.800"/>
</kw>
<kw name="Sleep" library="BuiltIn">
<arg>5</arg>
<doc>Pauses the test executed for the given time.</doc>
<msg timestamp="20230106 20:09:41.816" level="INFO">Slept 5 seconds</msg>
<status status="PASS" starttime="20230106 20:09:36.801" endtime="20230106 20:09:41.817"/>
</kw>
<kw name="Enter username" library="loginkeywords">
<arg>${user}</arg>
<kw name="Input Text" library="SeleniumLibrary">
<arg>${txt_loginUsername}</arg>
<arg>${username}</arg>
<doc>Types the given ``text`` into the text field identified by ``locator``.</doc>
<msg timestamp="20230106 20:09:41.820" level="INFO">Typing text 'Admin' into text field 'name:username'.</msg>
<status status="PASS" starttime="20230106 20:09:41.819" endtime="20230106 20:09:41.935"/>
</kw>
<status status="PASS" starttime="20230106 20:09:41.818" endtime="20230106 20:09:41.935"/>
</kw>
<kw name="Enter password" library="loginkeywords">
<arg>${pwd}</arg>
<kw name="Input Text" library="SeleniumLibrary">
<arg>${txt_loginPassword}</arg>
<arg>${password}</arg>
<doc>Types the given ``text`` into the text field identified by ``locator``.</doc>
<msg timestamp="20230106 20:09:41.937" level="INFO">Typing text 'admin123' into text field 'name:password'.</msg>
<status status="PASS" starttime="20230106 20:09:41.936" endtime="20230106 20:09:42.050"/>
</kw>
<status status="PASS" starttime="20230106 20:09:41.936" endtime="20230106 20:09:42.050"/>
</kw>
<kw name="Click signin" library="loginkeywords">
<kw name="Click Button" library="SeleniumLibrary">
<arg>${btn_signIn}</arg>
<doc>Clicks the button identified by ``locator``.</doc>
<msg timestamp="20230106 20:09:42.051" level="INFO">Clicking button 'xpath://button[@type='submit']'.</msg>
<status status="PASS" starttime="20230106 20:09:42.050" endtime="20230106 20:09:42.132"/>
</kw>
<status status="PASS" starttime="20230106 20:09:42.050" endtime="20230106 20:09:42.132"/>
</kw>
<kw name="Sleep" library="BuiltIn">
<arg>5</arg>
<doc>Pauses the test executed for the given time.</doc>
<msg timestamp="20230106 20:09:47.147" level="INFO">Slept 5 seconds</msg>
<status status="PASS" starttime="20230106 20:09:42.133" endtime="20230106 20:09:47.147"/>
</kw>
<kw name="Verify Successfull login" library="loginkeywords">
<kw name="Title Should Be" library="SeleniumLibrary">
<arg>OrangeHRM</arg>
<doc>Verifies that the current page title equals ``title``.</doc>
<msg timestamp="20230106 20:09:47.163" level="INFO">Page title is 'OrangeHRM'.</msg>
<status status="PASS" starttime="20230106 20:09:47.149" endtime="20230106 20:09:47.163"/>
</kw>
<status status="PASS" starttime="20230106 20:09:47.148" endtime="20230106 20:09:47.164"/>
</kw>
<kw name="close browser" library="loginkeywords">
<kw name="Close All Browsers" library="SeleniumLibrary">
<doc>Closes all open browsers and resets the browser cache.</doc>
<status status="PASS" starttime="20230106 20:09:47.166" endtime="20230106 20:09:53.545"/>
</kw>
<status status="PASS" starttime="20230106 20:09:47.165" endtime="20230106 20:09:53.545"/>
</kw>
<status status="PASS" starttime="20230106 20:09:28.829" endtime="20230106 20:09:53.547"/>
</test>
<status status="PASS" starttime="20230106 20:09:28.295" endtime="20230106 20:09:53.551"/>
</suite>
<statistics>
<total>
<stat pass="1" fail="0" skip="0">All Tests</stat>
</total>
<tag>
</tag>
<suite>
<stat pass="1" fail="0" skip="0" id="s1" name="Logintest">Logintest</stat>
</suite>
</statistics>
<errors>
</errors>
</robot>
