<?xml version="1.0" encoding="UTF-8"?>
<robot generator="Robot 6.0.1 (Python 3.10.5 on win32)" generated="20230106 20:43:18.778" rpa="false" schemaversion="3">
<suite id="s1" name="Suites">
<suite id="s1-s1" name="Navigationalkeywords" source="C:\Users\Mansi Patel\PycharmProjects\pythonProject1\pythonProject\RF_project\TestCases\navigationalkeywords.robot">
<test id="s1-s1-t1" name="NavigationTest" line="5">
<kw name="Open Browser" library="SeleniumLibrary">
<arg>https://www.google.com/</arg>
<arg>chrome</arg>
<doc>Opens a new browser instance to the optional ``url``.</doc>
<msg timestamp="20230106 20:43:19.184" level="INFO">Opening browser 'chrome' to base url 'https://www.google.com/'.</msg>
<status status="PASS" starttime="20230106 20:43:19.183" endtime="20230106 20:43:23.610"/>
</kw>
<kw name="Get Location" library="SeleniumLibrary">
<var>${loc}</var>
<doc>Returns the current browser window URL.</doc>
<msg timestamp="20230106 20:43:23.621" level="INFO">${loc} = https://www.google.com/</msg>
<status status="PASS" starttime="20230106 20:43:23.611" endtime="20230106 20:43:23.621"/>
</kw>
<kw name="Log To Console" library="BuiltIn">
<arg>${loc}</arg>
<doc>Logs the given message to the console.</doc>
<status status="PASS" starttime="20230106 20:43:23.621" endtime="20230106 20:43:23.622"/>
</kw>
<kw name="Sleep" library="BuiltIn">
<arg>3</arg>
<doc>Pauses the test executed for the given time.</doc>
<msg timestamp="20230106 20:43:26.628" level="INFO">Slept 3 seconds</msg>
<status status="PASS" starttime="20230106 20:43:23.623" endtime="20230106 20:43:26.628"/>
</kw>
<kw name="Go To" library="SeleniumLibrary">
<arg>https://www.bing.com/</arg>
<doc>Navigates the current browser window to the provided ``url``.</doc>
<msg timestamp="20230106 20:43:26.629" level="INFO">Opening url 'https://www.bing.com/'</msg>
<status status="PASS" starttime="20230106 20:43:26.628" endtime="20230106 20:43:27.790"/>
</kw>
<kw name="Get Location" library="SeleniumLibrary">
<var>${loc}</var>
<doc>Returns the current browser window URL.</doc>
<msg timestamp="20230106 20:43:27.804" level="INFO">${loc} = https://www.bing.com/</msg>
<status status="PASS" starttime="20230106 20:43:27.791" endtime="20230106 20:43:27.804"/>
</kw>
<kw name="Log To Console" library="BuiltIn">
<arg>${loc}</arg>
<doc>Logs the given message to the console.</doc>
<status status="PASS" starttime="20230106 20:43:27.804" endtime="20230106 20:43:27.805"/>
</kw>
<kw name="Sleep" library="BuiltIn">
<arg>3</arg>
<doc>Pauses the test executed for the given time.</doc>
<msg timestamp="20230106 20:43:30.808" level="INFO">Slept 3 seconds</msg>
<status status="PASS" starttime="20230106 20:43:27.805" endtime="20230106 20:43:30.808"/>
</kw>
<kw name="Go Back" library="SeleniumLibrary">
<doc>Simulates the user clicking the back button on their browser.</doc>
<status status="PASS" starttime="20230106 20:43:30.809" endtime="20230106 20:43:31.174"/>
</kw>
<kw name="Get Location" library="SeleniumLibrary">
<var>${loc}</var>
<doc>Returns the current browser window URL.</doc>
<msg timestamp="20230106 20:43:31.187" level="INFO">${loc} = https://www.google.com/</msg>
<status status="PASS" starttime="20230106 20:43:31.174" endtime="20230106 20:43:31.187"/>
</kw>
<kw name="Log To Console" library="BuiltIn">
<arg>${loc}</arg>
<doc>Logs the given message to the console.</doc>
<status status="PASS" starttime="20230106 20:43:31.188" endtime="20230106 20:43:31.189"/>
</kw>
<kw name="Sleep" library="BuiltIn">
<arg>3</arg>
<doc>Pauses the test executed for the given time.</doc>
<msg timestamp="20230106 20:43:34.194" level="INFO">Slept 3 seconds</msg>
<status status="PASS" starttime="20230106 20:43:31.189" endtime="20230106 20:43:34.194"/>
</kw>
<kw name="Close Browser" library="SeleniumLibrary">
<doc>Closes the current browser.</doc>
<status status="PASS" starttime="20230106 20:43:34.196" endtime="20230106 20:43:36.492"/>
</kw>
<status status="PASS" starttime="20230106 20:43:19.181" endtime="20230106 20:43:36.494"/>
</test>
<status status="PASS" starttime="20230106 20:43:18.841" endtime="20230106 20:43:36.536"/>
</suite>
<status status="PASS" starttime="20230106 20:43:18.800" endtime="20230106 20:43:36.541"/>
</suite>
<statistics>
<total>
<stat pass="1" fail="0" skip="0">All Tests</stat>
</total>
<tag>
</tag>
<suite>
<stat pass="1" fail="0" skip="0" id="s1" name="Suites">Suites</stat>
<stat pass="1" fail="0" skip="0" id="s1-s1" name="Navigationalkeywords">Suites.Navigationalkeywords</stat>
</suite>
</statistics>
<errors>
</errors>
</robot>
