<?xml version="1.0" encoding="UTF-8"?>
<robot generator="Robot 6.0.1 (Python 3.10.5 on win32)" generated="20230106 20:43:59.244" rpa="false" schemaversion="3">
<suite id="s1" name="Suites">
<suite id="s1-s1" name="Setup Teardown" source="C:\Users\Mansi Patel\PycharmProjects\pythonProject1\pythonProject\RF_project\TestCases\setup_teardown.robot">
<kw name="Log To Console" library="BuiltIn" type="SETUP">
<arg>opening browser</arg>
<doc>Logs the given message to the console.</doc>
<status status="PASS" starttime="20230106 20:43:59.734" endtime="20230106 20:43:59.735"/>
</kw>
<test id="s1-s1-t1" name="TC1 Prepaid Recharge" line="11">
<kw name="Log To Console" library="BuiltIn" type="SETUP">
<arg>login to application</arg>
<doc>Logs the given message to the console.</doc>
<status status="PASS" starttime="20230106 20:43:59.736" endtime="20230106 20:43:59.737"/>
</kw>
<kw name="Log To Console" library="BuiltIn">
<arg>This is prepaid recharge testcase</arg>
<doc>Logs the given message to the console.</doc>
<status status="PASS" starttime="20230106 20:43:59.737" endtime="20230106 20:43:59.737"/>
</kw>
<kw name="Log To Console" library="BuiltIn" type="TEARDOWN">
<arg>logout from application</arg>
<doc>Logs the given message to the console.</doc>
<status status="PASS" starttime="20230106 20:43:59.737" endtime="20230106 20:43:59.738"/>
</kw>
<status status="PASS" starttime="20230106 20:43:59.735" endtime="20230106 20:43:59.738"/>
</test>
<test id="s1-s1-t2" name="TC2 Postpaid Recharge" line="13">
<kw name="Log To Console" library="BuiltIn" type="SETUP">
<arg>login to application</arg>
<doc>Logs the given message to the console.</doc>
<status status="PASS" starttime="20230106 20:43:59.777" endtime="20230106 20:43:59.777"/>
</kw>
<kw name="Log To Console" library="BuiltIn">
<arg>This is postpaid recharge testcase</arg>
<doc>Logs the given message to the console.</doc>
<status status="PASS" starttime="20230106 20:43:59.777" endtime="20230106 20:43:59.778"/>
</kw>
<kw name="Log To Console" library="BuiltIn" type="TEARDOWN">
<arg>logout from application</arg>
<doc>Logs the given message to the console.</doc>
<status status="PASS" starttime="20230106 20:43:59.779" endtime="20230106 20:43:59.779"/>
</kw>
<status status="PASS" starttime="20230106 20:43:59.775" endtime="20230106 20:43:59.780"/>
</test>
<test id="s1-s1-t3" name="TC3 Search" line="15">
<kw name="Log To Console" library="BuiltIn" type="SETUP">
<arg>login to application</arg>
<doc>Logs the given message to the console.</doc>
<status status="PASS" starttime="20230106 20:43:59.782" endtime="20230106 20:43:59.783"/>
</kw>
<kw name="Log To Console" library="BuiltIn">
<arg>This is Search testcase</arg>
<doc>Logs the given message to the console.</doc>
<status status="PASS" starttime="20230106 20:43:59.783" endtime="20230106 20:43:59.784"/>
</kw>
<kw name="Log To Console" library="BuiltIn" type="TEARDOWN">
<arg>logout from application</arg>
<doc>Logs the given message to the console.</doc>
<status status="PASS" starttime="20230106 20:43:59.784" endtime="20230106 20:43:59.785"/>
</kw>
<status status="PASS" starttime="20230106 20:43:59.781" endtime="20230106 20:43:59.785"/>
</test>
<test id="s1-s1-t4" name="TC4 Advanced Search" line="17">
<kw name="Log To Console" library="BuiltIn" type="SETUP">
<arg>login to application</arg>
<doc>Logs the given message to the console.</doc>
<status status="PASS" starttime="20230106 20:43:59.787" endtime="20230106 20:43:59.787"/>
</kw>
<kw name="Log To Console" library="BuiltIn">
<arg>This is Adv search Testcase</arg>
<doc>Logs the given message to the console.</doc>
<status status="PASS" starttime="20230106 20:43:59.788" endtime="20230106 20:43:59.789"/>
</kw>
<kw name="Log To Console" library="BuiltIn" type="TEARDOWN">
<arg>logout from application</arg>
<doc>Logs the given message to the console.</doc>
<status status="PASS" starttime="20230106 20:43:59.789" endtime="20230106 20:43:59.790"/>
</kw>
<status status="PASS" starttime="20230106 20:43:59.786" endtime="20230106 20:43:59.790"/>
</test>
<kw name="Log To Console" library="BuiltIn" type="TEARDOWN">
<arg>closing browser</arg>
<doc>Logs the given message to the console.</doc>
<status status="PASS" starttime="20230106 20:43:59.792" endtime="20230106 20:43:59.792"/>
</kw>
<status status="PASS" starttime="20230106 20:43:59.293" endtime="20230106 20:43:59.792"/>
</suite>
<status status="PASS" starttime="20230106 20:43:59.261" endtime="20230106 20:43:59.794"/>
</suite>
<statistics>
<total>
<stat pass="4" fail="0" skip="0">All Tests</stat>
</total>
<tag>
</tag>
<suite>
<stat pass="4" fail="0" skip="0" id="s1" name="Suites">Suites</stat>
<stat pass="4" fail="0" skip="0" id="s1-s1" name="Setup Teardown">Suites.Setup Teardown</stat>
</suite>
</statistics>
<errors>
</errors>
</robot>
