<?xml version="1.0" encoding="UTF-8"?>
<robot generator="Robot 6.0.1 (Python 3.10.5 on win32)" generated="20230106 20:41:49.269" rpa="false" schemaversion="3">
<suite id="s1" name="Suites">
<suite id="s1-s1" name="Alerts" source="C:\Users\Mansi Patel\PycharmProjects\pythonProject1\pythonProject\RF_project\TestCases\Alerts.robot">
<test id="s1-s1-t1" name="HandlingAlerts" line="5">
<kw name="Open Browser" library="SeleniumLibrary">
<arg>https://testautomationpractice.blogspot.com/</arg>
<arg>chrome</arg>
<doc>Opens a new browser instance to the optional ``url``.</doc>
<msg timestamp="20230106 20:41:49.674" level="INFO">Opening browser 'chrome' to base url 'https://testautomationpractice.blogspot.com/'.</msg>
<status status="PASS" starttime="20230106 20:41:49.673" endtime="20230106 20:42:00.241"/>
</kw>
<kw name="Click Element" library="SeleniumLibrary">
<arg>xpath://*[@id="HTML9"]/div[1]/button</arg>
<doc>Click the element identified by ``locator``.</doc>
<msg timestamp="20230106 20:42:00.243" level="INFO">Clicking element 'xpath://*[@id="HTML9"]/div[1]/button'.</msg>
<status status="PASS" starttime="20230106 20:42:00.241" endtime="20230106 20:42:00.351"/>
</kw>
<kw name="Sleep" library="BuiltIn">
<arg>5</arg>
<doc>Pauses the test executed for the given time.</doc>
<msg timestamp="20230106 20:42:05.357" level="INFO">Slept 5 seconds</msg>
<status status="PASS" starttime="20230106 20:42:00.351" endtime="20230106 20:42:05.357"/>
</kw>
<kw name="Alert Should Not Be Present" library="SeleniumLibrary">
<arg>Press a button!</arg>
<doc>Verifies that no alert is present.</doc>
<msg timestamp="20230106 20:42:05.367" level="WARN">Keyword 'Capture Page Screenshot' could not be run on failure: Alert Text: Press a button!
Message: unexpected alert open: {Alert text : Press a button!}
  (Session info: chrome=108.0.5359.125)
Stacktrace:
Backtrace:
	(No symbol) [0x00C4F243]
	(No symbol) [0x00BD7FD1]
	(No symbol) [0x00ACD04D]
	(No symbol) [0x00B2C836]
	(No symbol) [0x00B18386]
	(No symbol) [0x00AF163C]
	(No symbol) [0x00AF269D]
	GetHandleVerifier [0x00EE9A22+2655074]
	GetHandleVerifier [0x00EDCA24+2601828]
	GetHandleVerifier [0x00CF8C0A+619850]
	GetHandleVerifier [0x00CF7830+614768]
	(No symbol) [0x00BE05FC]
	(No symbol) [0x00BE5968]
	(No symbol) [0x00BE5A55]
	(No symbol) [0x00BF051B]
	BaseThreadInitThunk [0x7708FA29+25]
	RtlGetAppContainerNamedObjectPath [0x77CB7A9E+286]
	RtlGetAppContainerNamedObjectPath [0x77CB7A6E+238]
</msg>
<msg timestamp="20230106 20:42:05.368" level="FAIL">ValueError: Invalid alert action 'PRESS A BUTTON!'.</msg>
<status status="FAIL" starttime="20230106 20:42:05.357" endtime="20230106 20:42:05.465"/>
</kw>
<status status="FAIL" starttime="20230106 20:41:49.672" endtime="20230106 20:42:05.466">ValueError: Invalid alert action 'PRESS A BUTTON!'.</status>
</test>
<status status="FAIL" starttime="20230106 20:41:49.324" endtime="20230106 20:42:05.467"/>
</suite>
<status status="FAIL" starttime="20230106 20:41:49.286" endtime="20230106 20:42:05.472"/>
</suite>
<statistics>
<total>
<stat pass="0" fail="1" skip="0">All Tests</stat>
</total>
<tag>
</tag>
<suite>
<stat pass="0" fail="1" skip="0" id="s1" name="Suites">Suites</stat>
<stat pass="0" fail="1" skip="0" id="s1-s1" name="Alerts">Suites.Alerts</stat>
</suite>
</statistics>
<errors>
<msg timestamp="20230106 20:42:05.367" level="WARN">Keyword 'Capture Page Screenshot' could not be run on failure: Alert Text: Press a button!
Message: unexpected alert open: {Alert text : Press a button!}
  (Session info: chrome=108.0.5359.125)
Stacktrace:
Backtrace:
	(No symbol) [0x00C4F243]
	(No symbol) [0x00BD7FD1]
	(No symbol) [0x00ACD04D]
	(No symbol) [0x00B2C836]
	(No symbol) [0x00B18386]
	(No symbol) [0x00AF163C]
	(No symbol) [0x00AF269D]
	GetHandleVerifier [0x00EE9A22+2655074]
	GetHandleVerifier [0x00EDCA24+2601828]
	GetHandleVerifier [0x00CF8C0A+619850]
	GetHandleVerifier [0x00CF7830+614768]
	(No symbol) [0x00BE05FC]
	(No symbol) [0x00BE5968]
	(No symbol) [0x00BE5A55]
	(No symbol) [0x00BF051B]
	BaseThreadInitThunk [0x7708FA29+25]
	RtlGetAppContainerNamedObjectPath [0x77CB7A9E+286]
	RtlGetAppContainerNamedObjectPath [0x77CB7A6E+238]
</msg>
</errors>
</robot>
