<?xml version="1.0" encoding="UTF-8"?>
<robot generator="Robot 6.0.1 (Python 3.10.5 on win32)" generated="20230106 20:42:11.299" rpa="false" schemaversion="3">
<suite id="s1" name="Suites">
<suite id="s1-s1" name="DDT1" source="C:\Users\Mansi Patel\PycharmProjects\pythonProject1\pythonProject\RF_project\TestCases\DDT1.robot">
<kw name="open my browser" library="login_resourese" type="SETUP">
<kw name="Open Browser" library="SeleniumLibrary">
<arg>${login url}</arg>
<arg>${browser}</arg>
<doc>Opens a new browser instance to the optional ``url``.</doc>
<msg timestamp="20230106 20:42:11.905" level="INFO">Opening browser 'chrome' to base url 'https://admin-demo.nopcommerce.com'.</msg>
<status status="PASS" starttime="20230106 20:42:11.903" endtime="20230106 20:42:17.705"/>
</kw>
<kw name="Maximize Browser Window" library="SeleniumLibrary">
<doc>Maximizes current browser window.</doc>
<status status="PASS" starttime="20230106 20:42:17.705" endtime="20230106 20:42:17.829"/>
</kw>
<status status="PASS" starttime="20230106 20:42:11.900" endtime="20230106 20:42:17.829"/>
</kw>
<test id="s1-s1-t1" name="Right user empty pwd" line="9">
<kw name="Invalid login">
<arg>admin@yourstore.com</arg>
<arg>${EMPTY}</arg>
<kw name="Input username" library="login_resourese">
<arg>${username}</arg>
<kw name="Input Text" library="SeleniumLibrary">
<arg>id:Email</arg>
<arg>${username}</arg>
<doc>Types the given ``text`` into the text field identified by ``locator``.</doc>
<msg timestamp="20230106 20:42:17.838" level="INFO">Typing text 'admin@yourstore.com' into text field 'id:Email'.</msg>
<status status="PASS" starttime="20230106 20:42:17.836" endtime="20230106 20:42:18.070"/>
</kw>
<status status="PASS" starttime="20230106 20:42:17.834" endtime="20230106 20:42:18.071"/>
</kw>
<kw name="Input password" library="login_resourese">
<arg>${password}</arg>
<kw name="Input Text" library="SeleniumLibrary">
<arg>id:Password</arg>
<arg>${password}</arg>
<doc>Types the given ``text`` into the text field identified by ``locator``.</doc>
<msg timestamp="20230106 20:42:18.073" level="INFO">Typing text '' into text field 'id:Password'.</msg>
<status status="PASS" starttime="20230106 20:42:18.072" endtime="20230106 20:42:18.250"/>
</kw>
<status status="PASS" starttime="20230106 20:42:18.071" endtime="20230106 20:42:18.250"/>
</kw>
<kw name="click login" library="login_resourese">
<kw name="Click Element" library="SeleniumLibrary">
<arg>xpath://button[@type='submit']</arg>
<doc>Click the element identified by ``locator``.</doc>
<msg timestamp="20230106 20:42:18.254" level="INFO">Clicking element 'xpath://button[@type='submit']'.</msg>
<status status="PASS" starttime="20230106 20:42:18.252" endtime="20230106 20:42:18.940"/>
</kw>
<status status="PASS" starttime="20230106 20:42:18.251" endtime="20230106 20:42:18.941"/>
</kw>
<kw name="Error message should be visible" library="login_resourese">
<kw name="Page Should Contain" library="SeleniumLibrary">
<arg>Login was unsuccessful</arg>
<doc>Verifies that current page contains ``text``.</doc>
<msg timestamp="20230106 20:42:18.961" level="INFO">Current page contains text 'Login was unsuccessful'.</msg>
<status status="PASS" starttime="20230106 20:42:18.942" endtime="20230106 20:42:18.962"/>
</kw>
<status status="PASS" starttime="20230106 20:42:18.941" endtime="20230106 20:42:18.962"/>
</kw>
<status status="PASS" starttime="20230106 20:42:17.831" endtime="20230106 20:42:18.963"/>
</kw>
<status status="PASS" starttime="20230106 20:42:17.830" endtime="20230106 20:42:18.963"/>
</test>
<test id="s1-s1-t2" name="Right user wrong pwd" line="10">
<kw name="Invalid login">
<arg>admin@yourstore.com</arg>
<arg>xyz</arg>
<kw name="Input username" library="login_resourese">
<arg>${username}</arg>
<kw name="Input Text" library="SeleniumLibrary">
<arg>id:Email</arg>
<arg>${username}</arg>
<doc>Types the given ``text`` into the text field identified by ``locator``.</doc>
<msg timestamp="20230106 20:42:18.969" level="INFO">Typing text 'admin@yourstore.com' into text field 'id:Email'.</msg>
<status status="PASS" starttime="20230106 20:42:18.967" endtime="20230106 20:42:19.106"/>
</kw>
<status status="PASS" starttime="20230106 20:42:18.966" endtime="20230106 20:42:19.107"/>
</kw>
<kw name="Input password" library="login_resourese">
<arg>${password}</arg>
<kw name="Input Text" library="SeleniumLibrary">
<arg>id:Password</arg>
<arg>${password}</arg>
<doc>Types the given ``text`` into the text field identified by ``locator``.</doc>
<msg timestamp="20230106 20:42:19.109" level="INFO">Typing text 'xyz' into text field 'id:Password'.</msg>
<status status="PASS" starttime="20230106 20:42:19.108" endtime="20230106 20:42:19.211"/>
</kw>
<status status="PASS" starttime="20230106 20:42:19.107" endtime="20230106 20:42:19.212"/>
</kw>
<kw name="click login" library="login_resourese">
<kw name="Click Element" library="SeleniumLibrary">
<arg>xpath://button[@type='submit']</arg>
<doc>Click the element identified by ``locator``.</doc>
<msg timestamp="20230106 20:42:19.213" level="INFO">Clicking element 'xpath://button[@type='submit']'.</msg>
<status status="PASS" starttime="20230106 20:42:19.213" endtime="20230106 20:42:19.766"/>
</kw>
<status status="PASS" starttime="20230106 20:42:19.212" endtime="20230106 20:42:19.766"/>
</kw>
<kw name="Error message should be visible" library="login_resourese">
<kw name="Page Should Contain" library="SeleniumLibrary">
<arg>Login was unsuccessful</arg>
<doc>Verifies that current page contains ``text``.</doc>
<msg timestamp="20230106 20:42:19.786" level="INFO">Current page contains text 'Login was unsuccessful'.</msg>
<status status="PASS" starttime="20230106 20:42:19.769" endtime="20230106 20:42:19.787"/>
</kw>
<status status="PASS" starttime="20230106 20:42:19.767" endtime="20230106 20:42:19.787"/>
</kw>
<status status="PASS" starttime="20230106 20:42:18.965" endtime="20230106 20:42:19.787"/>
</kw>
<status status="PASS" starttime="20230106 20:42:18.964" endtime="20230106 20:42:19.788"/>
</test>
<test id="s1-s1-t3" name="wrong user right pwd" line="11">
<kw name="Invalid login">
<arg>adm@yourstore.com</arg>
<arg>admin</arg>
<kw name="Input username" library="login_resourese">
<arg>${username}</arg>
<kw name="Input Text" library="SeleniumLibrary">
<arg>id:Email</arg>
<arg>${username}</arg>
<doc>Types the given ``text`` into the text field identified by ``locator``.</doc>
<msg timestamp="20230106 20:42:19.792" level="INFO">Typing text 'adm@yourstore.com' into text field 'id:Email'.</msg>
<status status="PASS" starttime="20230106 20:42:19.791" endtime="20230106 20:42:19.930"/>
</kw>
<status status="PASS" starttime="20230106 20:42:19.790" endtime="20230106 20:42:19.931"/>
</kw>
<kw name="Input password" library="login_resourese">
<arg>${password}</arg>
<kw name="Input Text" library="SeleniumLibrary">
<arg>id:Password</arg>
<arg>${password}</arg>
<doc>Types the given ``text`` into the text field identified by ``locator``.</doc>
<msg timestamp="20230106 20:42:19.932" level="INFO">Typing text 'admin' into text field 'id:Password'.</msg>
<status status="PASS" starttime="20230106 20:42:19.932" endtime="20230106 20:42:20.060"/>
</kw>
<status status="PASS" starttime="20230106 20:42:19.931" endtime="20230106 20:42:20.060"/>
</kw>
<kw name="click login" library="login_resourese">
<kw name="Click Element" library="SeleniumLibrary">
<arg>xpath://button[@type='submit']</arg>
<doc>Click the element identified by ``locator``.</doc>
<msg timestamp="20230106 20:42:20.062" level="INFO">Clicking element 'xpath://button[@type='submit']'.</msg>
<status status="PASS" starttime="20230106 20:42:20.061" endtime="20230106 20:42:20.828"/>
</kw>
<status status="PASS" starttime="20230106 20:42:20.060" endtime="20230106 20:42:20.829"/>
</kw>
<kw name="Error message should be visible" library="login_resourese">
<kw name="Page Should Contain" library="SeleniumLibrary">
<arg>Login was unsuccessful</arg>
<doc>Verifies that current page contains ``text``.</doc>
<msg timestamp="20230106 20:42:20.847" level="INFO">Current page contains text 'Login was unsuccessful'.</msg>
<status status="PASS" starttime="20230106 20:42:20.830" endtime="20230106 20:42:20.847"/>
</kw>
<status status="PASS" starttime="20230106 20:42:20.829" endtime="20230106 20:42:20.848"/>
</kw>
<status status="PASS" starttime="20230106 20:42:19.790" endtime="20230106 20:42:20.848"/>
</kw>
<status status="PASS" starttime="20230106 20:42:19.789" endtime="20230106 20:42:20.848"/>
</test>
<test id="s1-s1-t4" name="wrong user empty pwd" line="12">
<kw name="Invalid login">
<arg>adm@yourstore.com</arg>
<arg>${EMPTY}</arg>
<kw name="Input username" library="login_resourese">
<arg>${username}</arg>
<kw name="Input Text" library="SeleniumLibrary">
<arg>id:Email</arg>
<arg>${username}</arg>
<doc>Types the given ``text`` into the text field identified by ``locator``.</doc>
<msg timestamp="20230106 20:42:20.853" level="INFO">Typing text 'adm@yourstore.com' into text field 'id:Email'.</msg>
<status status="PASS" starttime="20230106 20:42:20.851" endtime="20230106 20:42:21.105"/>
</kw>
<status status="PASS" starttime="20230106 20:42:20.850" endtime="20230106 20:42:21.105"/>
</kw>
<kw name="Input password" library="login_resourese">
<arg>${password}</arg>
<kw name="Input Text" library="SeleniumLibrary">
<arg>id:Password</arg>
<arg>${password}</arg>
<doc>Types the given ``text`` into the text field identified by ``locator``.</doc>
<msg timestamp="20230106 20:42:21.108" level="INFO">Typing text '' into text field 'id:Password'.</msg>
<status status="PASS" starttime="20230106 20:42:21.107" endtime="20230106 20:42:21.240"/>
</kw>
<status status="PASS" starttime="20230106 20:42:21.106" endtime="20230106 20:42:21.240"/>
</kw>
<kw name="click login" library="login_resourese">
<kw name="Click Element" library="SeleniumLibrary">
<arg>xpath://button[@type='submit']</arg>
<doc>Click the element identified by ``locator``.</doc>
<msg timestamp="20230106 20:42:21.243" level="INFO">Clicking element 'xpath://button[@type='submit']'.</msg>
<status status="PASS" starttime="20230106 20:42:21.242" endtime="20230106 20:42:21.860"/>
</kw>
<status status="PASS" starttime="20230106 20:42:21.241" endtime="20230106 20:42:21.861"/>
</kw>
<kw name="Error message should be visible" library="login_resourese">
<kw name="Page Should Contain" library="SeleniumLibrary">
<arg>Login was unsuccessful</arg>
<doc>Verifies that current page contains ``text``.</doc>
<msg timestamp="20230106 20:42:21.883" level="INFO">Current page contains text 'Login was unsuccessful'.</msg>
<status status="PASS" starttime="20230106 20:42:21.864" endtime="20230106 20:42:21.883"/>
</kw>
<status status="PASS" starttime="20230106 20:42:21.862" endtime="20230106 20:42:21.884"/>
</kw>
<status status="PASS" starttime="20230106 20:42:20.849" endtime="20230106 20:42:21.885"/>
</kw>
<status status="PASS" starttime="20230106 20:42:20.849" endtime="20230106 20:42:21.886"/>
</test>
<test id="s1-s1-t5" name="wrong user wrong pwd" line="13">
<kw name="Invalid login">
<arg>adm@yourstore.com</arg>
<arg>xyz</arg>
<kw name="Input username" library="login_resourese">
<arg>${username}</arg>
<kw name="Input Text" library="SeleniumLibrary">
<arg>id:Email</arg>
<arg>${username}</arg>
<doc>Types the given ``text`` into the text field identified by ``locator``.</doc>
<msg timestamp="20230106 20:42:21.892" level="INFO">Typing text 'adm@yourstore.com' into text field 'id:Email'.</msg>
<status status="PASS" starttime="20230106 20:42:21.891" endtime="20230106 20:42:22.027"/>
</kw>
<status status="PASS" starttime="20230106 20:42:21.890" endtime="20230106 20:42:22.027"/>
</kw>
<kw name="Input password" library="login_resourese">
<arg>${password}</arg>
<kw name="Input Text" library="SeleniumLibrary">
<arg>id:Password</arg>
<arg>${password}</arg>
<doc>Types the given ``text`` into the text field identified by ``locator``.</doc>
<msg timestamp="20230106 20:42:22.029" level="INFO">Typing text 'xyz' into text field 'id:Password'.</msg>
<status status="PASS" starttime="20230106 20:42:22.028" endtime="20230106 20:42:22.149"/>
</kw>
<status status="PASS" starttime="20230106 20:42:22.027" endtime="20230106 20:42:22.149"/>
</kw>
<kw name="click login" library="login_resourese">
<kw name="Click Element" library="SeleniumLibrary">
<arg>xpath://button[@type='submit']</arg>
<doc>Click the element identified by ``locator``.</doc>
<msg timestamp="20230106 20:42:22.151" level="INFO">Clicking element 'xpath://button[@type='submit']'.</msg>
<status status="PASS" starttime="20230106 20:42:22.150" endtime="20230106 20:42:22.652"/>
</kw>
<status status="PASS" starttime="20230106 20:42:22.149" endtime="20230106 20:42:22.653"/>
</kw>
<kw name="Error message should be visible" library="login_resourese">
<kw name="Page Should Contain" library="SeleniumLibrary">
<arg>Login was unsuccessful</arg>
<doc>Verifies that current page contains ``text``.</doc>
<msg timestamp="20230106 20:42:22.674" level="INFO">Current page contains text 'Login was unsuccessful'.</msg>
<status status="PASS" starttime="20230106 20:42:22.655" endtime="20230106 20:42:22.675"/>
</kw>
<status status="PASS" starttime="20230106 20:42:22.654" endtime="20230106 20:42:22.675"/>
</kw>
<status status="PASS" starttime="20230106 20:42:21.888" endtime="20230106 20:42:22.675"/>
</kw>
<status status="PASS" starttime="20230106 20:42:21.887" endtime="20230106 20:42:22.676"/>
</test>
<kw name="close browsers" library="login_resourese" type="TEARDOWN">
<kw name="Close All Browsers" library="SeleniumLibrary">
<doc>Closes all open browsers and resets the browser cache.</doc>
<status status="PASS" starttime="20230106 20:42:22.678" endtime="20230106 20:42:28.989"/>
</kw>
<status status="PASS" starttime="20230106 20:42:22.677" endtime="20230106 20:42:28.989"/>
</kw>
<status status="PASS" starttime="20230106 20:42:11.382" endtime="20230106 20:42:28.990"/>
</suite>
<status status="PASS" starttime="20230106 20:42:11.329" endtime="20230106 20:42:28.995"/>
</suite>
<statistics>
<total>
<stat pass="5" fail="0" skip="0">All Tests</stat>
</total>
<tag>
</tag>
<suite>
<stat pass="5" fail="0" skip="0" id="s1" name="Suites">Suites</stat>
<stat pass="5" fail="0" skip="0" id="s1-s1" name="DDT1">Suites.DDT1</stat>
</suite>
</statistics>
<errors>
</errors>
</robot>
