<?xml version="1.0" encoding="UTF-8"?>
<robot generator="Robot 6.0.1 (Python 3.10.5 on win32)" generated="20230106 20:42:30.113" rpa="false" schemaversion="3">
<suite id="s1" name="Suites">
<suite id="s1-s1" name="Dropdown" source="C:\Users\Mansi Patel\PycharmProjects\pythonProject1\pythonProject\RF_project\TestCases\dropdown.robot">
<test id="s1-s1-t1" name="Handlings Dropdown and Lists" line="9">
<kw name="Open Browser" library="SeleniumLibrary">
<arg>${url}</arg>
<arg>${browser}</arg>
<doc>Opens a new browser instance to the optional ``url``.</doc>
<msg timestamp="20230106 20:42:30.627" level="INFO">Opening browser 'chrome' to base url 'https://itera-qa.azurewebsites.net/home/automation'.</msg>
<status status="PASS" starttime="20230106 20:42:30.624" endtime="20230106 20:42:35.516"/>
</kw>
<kw name="Maximize Browser Window" library="SeleniumLibrary">
<doc>Maximizes current browser window.</doc>
<status status="PASS" starttime="20230106 20:42:35.517" endtime="20230106 20:42:35.640"/>
</kw>
<kw name="Select From List By Label" library="SeleniumLibrary">
<doc>Selects options from selection list ``locator`` by ``labels``.</doc>
<msg timestamp="20230106 20:42:35.641" level="FAIL">Keyword 'SeleniumLibrary.Select From List By Label' expected at least 1 argument, got 0.</msg>
<status status="FAIL" starttime="20230106 20:42:35.641" endtime="20230106 20:42:35.641"/>
</kw>
<kw name="Select From List By Index" library="SeleniumLibrary">
<doc>Selects options from selection list ``locator`` by ``indexes``.</doc>
<status status="NOT RUN" starttime="20230106 20:42:35.642" endtime="20230106 20:42:35.642"/>
</kw>
<kw name="Select From List By Value" library="SeleniumLibrary">
<doc>Selects options from selection list ``locator`` by ``values``.</doc>
<status status="NOT RUN" starttime="20230106 20:42:35.642" endtime="20230106 20:42:35.643"/>
</kw>
<kw name="Sleep" library="BuiltIn">
<arg>3</arg>
<doc>Pauses the test executed for the given time.</doc>
<status status="NOT RUN" starttime="20230106 20:42:35.643" endtime="20230106 20:42:35.643"/>
</kw>
<status status="FAIL" starttime="20230106 20:42:30.622" endtime="20230106 20:42:35.644">Keyword 'SeleniumLibrary.Select From List By Label' expected at least 1 argument, got 0.</status>
</test>
<status status="FAIL" starttime="20230106 20:42:30.158" endtime="20230106 20:42:35.658"/>
</suite>
<status status="FAIL" starttime="20230106 20:42:30.127" endtime="20230106 20:42:35.660"/>
</suite>
<statistics>
<total>
<stat pass="0" fail="1" skip="0">All Tests</stat>
</total>
<tag>
</tag>
<suite>
<stat pass="0" fail="1" skip="0" id="s1" name="Suites">Suites</stat>
<stat pass="0" fail="1" skip="0" id="s1-s1" name="Dropdown">Suites.Dropdown</stat>
</suite>
</statistics>
<errors>
</errors>
</robot>
