<?xml version="1.0" encoding="UTF-8"?>
<robot generator="Robot 6.0.1 (Python 3.10.5 on win32)" generated="20230106 20:44:18.192" rpa="false" schemaversion="3">
<suite id="s1" name="Suites">
<suite id="s1-s1" name="Tabledemo" source="C:\Users\Mansi Patel\PycharmProjects\pythonProject1\pythonProject\RF_project\TestCases\Tabledemo.robot">
<test id="s1-s1-t1" name="TestTable" line="5">
<kw name="Open Browser" library="SeleniumLibrary">
<arg>https://testautomationpractice.blogspot.com/</arg>
<arg>chrome</arg>
<doc>Opens a new browser instance to the optional ``url``.</doc>
<msg timestamp="20230106 20:44:18.706" level="INFO">Opening browser 'chrome' to base url 'https://testautomationpractice.blogspot.com/'.</msg>
<status status="PASS" starttime="20230106 20:44:18.705" endtime="20230106 20:44:29.054"/>
</kw>
<kw name="Maximize Browser Window" library="SeleniumLibrary">
<doc>Maximizes current browser window.</doc>
<status status="PASS" starttime="20230106 20:44:29.055" endtime="20230106 20:44:29.191"/>
</kw>
<kw name="Sleep" library="BuiltIn">
<arg>5</arg>
<doc>Pauses the test executed for the given time.</doc>
<msg timestamp="20230106 20:44:34.201" level="INFO">Slept 5 seconds</msg>
<status status="PASS" starttime="20230106 20:44:29.191" endtime="20230106 20:44:34.202"/>
</kw>
<kw name="Get Element Count" library="SeleniumLibrary">
<var>${rows}</var>
<arg>xpath://table[@name='BookTable']/tbody/tr</arg>
<doc>Returns the number of elements matching ``locator``.</doc>
<msg timestamp="20230106 20:44:34.220" level="INFO">${rows} = 7</msg>
<status status="PASS" starttime="20230106 20:44:34.203" endtime="20230106 20:44:34.220"/>
</kw>
<kw name="Get Element Count" library="SeleniumLibrary">
<var>${columns}</var>
<arg>xpath://table[@name='BookTable']/tbody/tr[1]/th</arg>
<doc>Returns the number of elements matching ``locator``.</doc>
<msg timestamp="20230106 20:44:34.237" level="INFO">${columns} = 4</msg>
<status status="PASS" starttime="20230106 20:44:34.221" endtime="20230106 20:44:34.237"/>
</kw>
<kw name="Log To Console" library="BuiltIn">
<arg>${rows}</arg>
<doc>Logs the given message to the console.</doc>
<status status="PASS" starttime="20230106 20:44:34.237" endtime="20230106 20:44:34.238"/>
</kw>
<kw name="Log To Console" library="BuiltIn">
<arg>${columns}</arg>
<doc>Logs the given message to the console.</doc>
<status status="PASS" starttime="20230106 20:44:34.238" endtime="20230106 20:44:34.239"/>
</kw>
<kw name="Get Text" library="SeleniumLibrary">
<var>${data}</var>
<arg>xpath://table[@name='BookTable']/tbody/tr[5]/td[1]</arg>
<doc>Returns the text value of the element identified by ``locator``.</doc>
<msg timestamp="20230106 20:44:34.276" level="INFO">${data} = Master In Selenium</msg>
<status status="PASS" starttime="20230106 20:44:34.239" endtime="20230106 20:44:34.276"/>
</kw>
<kw name="Log To Console" library="BuiltIn">
<arg>${data}</arg>
<doc>Logs the given message to the console.</doc>
<status status="PASS" starttime="20230106 20:44:34.276" endtime="20230106 20:44:34.277"/>
</kw>
<kw name="Table Column Should Contain" library="SeleniumLibrary">
<arg>xpath://*[@id="HTML1"]/div[1]/table/tbody/tr[1]/th[2]</arg>
<arg>2</arg>
<arg>Author</arg>
<doc>Verifies table column contains text ``expected``.</doc>
<status status="PASS" starttime="20230106 20:44:34.277" endtime="20230106 20:44:34.331"/>
</kw>
<kw name="Table Row Should Contain" library="SeleniumLibrary">
<arg>xpath://*[@id="HTML1"]/div[1]/table/tbody/tr[7]/td[1]</arg>
<arg>7</arg>
<arg>Master In JS</arg>
<doc>Verifies that table row contains text ``expected``.</doc>
<status status="PASS" starttime="20230106 20:44:34.331" endtime="20230106 20:44:34.407"/>
</kw>
<kw name="Table Cell Should Contain" library="SeleniumLibrary">
<arg>xpath://table[@name='BookTable']/tbody/tr[5]/td[2]</arg>
<arg>5</arg>
<arg>2</arg>
<arg>Mukesh</arg>
<doc>Verifies table cell contains text ``expected``.</doc>
<msg timestamp="20230106 20:44:34.648" level="INFO" html="true">&lt;/td&gt;&lt;/tr&gt;&lt;tr&gt;&lt;td colspan="3"&gt;&lt;a href="selenium-screenshot-1.png"&gt;&lt;img src="selenium-screenshot-1.png" width="800px"&gt;&lt;/a&gt;</msg>
<msg timestamp="20230106 20:44:34.648" level="FAIL">Table with locator 'xpath://table[@name='BookTable']/tbody/tr[5]/td[2]' not found.</msg>
<status status="FAIL" starttime="20230106 20:44:34.407" endtime="20230106 20:44:34.668"/>
</kw>
<kw name="Close Browser" library="SeleniumLibrary">
<doc>Closes the current browser.</doc>
<status status="NOT RUN" starttime="20230106 20:44:34.668" endtime="20230106 20:44:34.668"/>
</kw>
<status status="FAIL" starttime="20230106 20:44:18.704" endtime="20230106 20:44:34.669">Table with locator 'xpath://table[@name='BookTable']/tbody/tr[5]/td[2]' not found.</status>
</test>
<status status="FAIL" starttime="20230106 20:44:18.250" endtime="20230106 20:44:34.670"/>
</suite>
<status status="FAIL" starttime="20230106 20:44:18.214" endtime="20230106 20:44:34.672"/>
</suite>
<statistics>
<total>
<stat pass="0" fail="1" skip="0">All Tests</stat>
</total>
<tag>
</tag>
<suite>
<stat pass="0" fail="1" skip="0" id="s1" name="Suites">Suites</stat>
<stat pass="0" fail="1" skip="0" id="s1-s1" name="Tabledemo">Suites.Tabledemo</stat>
</suite>
</statistics>
<errors>
</errors>
</robot>
