<?xml version="1.0" encoding="UTF-8"?>
<robot generator="Robot 6.0.1 (Python 3.10.5 on win32)" generated="20230106 20:42:50.104" rpa="false" schemaversion="3">
<suite id="s1" name="Suites">
<suite id="s1-s1" name="Inputbox" source="C:\Users\Mansi Patel\PycharmProjects\pythonProject1\pythonProject\RF_project\TestCases\Inputbox.robot">
<test id="s1-s1-t1" name="TestingInputBox" line="9">
<kw name="Open Browser" library="SeleniumLibrary">
<arg>${url}</arg>
<arg>${browser}</arg>
<doc>Opens a new browser instance to the optional ``url``.</doc>
<msg timestamp="20230106 20:42:50.420" level="INFO">Opening browser 'chrome' to base url 'https://demo.nopcommerce.com'.</msg>
<status status="PASS" starttime="20230106 20:42:50.419" endtime="20230106 20:42:54.745"/>
</kw>
<kw name="Maximize Browser Window" library="SeleniumLibrary">
<doc>Maximizes current browser window.</doc>
<status status="PASS" starttime="20230106 20:42:54.745" endtime="20230106 20:42:55.162"/>
</kw>
<kw name="Title Should Be" library="SeleniumLibrary">
<arg>nopCommerce demo store</arg>
<doc>Verifies that the current page title equals ``title``.</doc>
<msg timestamp="20230106 20:42:55.406" level="INFO">Page title is 'nopCommerce demo store'.</msg>
<status status="PASS" starttime="20230106 20:42:55.163" endtime="20230106 20:42:55.406"/>
</kw>
<kw name="Click Link" library="SeleniumLibrary">
<arg>xpath:/html/body/div[6]/div[1]/div[1]/div[2]/div[1]/ul/li[2]/a</arg>
<doc>Clicks a link identified by ``locator``.</doc>
<msg timestamp="20230106 20:42:55.408" level="INFO">Clicking link 'xpath:/html/body/div[6]/div[1]/div[1]/div[2]/div[1]/ul/li[2]/a'.</msg>
<status status="PASS" starttime="20230106 20:42:55.406" endtime="20230106 20:42:56.540"/>
</kw>
<kw name="Set Variable" library="BuiltIn">
<var>${"email_txt"}</var>
<arg>id:Email</arg>
<doc>Returns the given values which can then be assigned to a variables.</doc>
<msg timestamp="20230106 20:42:56.541" level="INFO">${"email_txt"} = id:Email</msg>
<status status="PASS" starttime="20230106 20:42:56.540" endtime="20230106 20:42:56.541"/>
</kw>
<kw name="Element Should Be Visible" library="SeleniumLibrary">
<arg>${"email_txt"}</arg>
<doc>Verifies that the element identified by ``locator`` is visible.</doc>
<msg timestamp="20230106 20:42:56.658" level="INFO">Element 'id:Email' is displayed.</msg>
<status status="PASS" starttime="20230106 20:42:56.541" endtime="20230106 20:42:56.658"/>
</kw>
<kw name="Element Should Be Enabled" library="SeleniumLibrary">
<arg>${"email_txt"}</arg>
<doc>Verifies that element identified by ``locator`` is enabled.</doc>
<status status="PASS" starttime="20230106 20:42:56.659" endtime="20230106 20:42:56.692"/>
</kw>
<kw name="Input Text" library="SeleniumLibrary">
<arg>${"email_txt"}</arg>
<arg>abc@gmail.com</arg>
<doc>Types the given ``text`` into the text field identified by ``locator``.</doc>
<msg timestamp="20230106 20:42:56.693" level="INFO">Typing text 'abc@gmail.com' into text field 'id:Email'.</msg>
<status status="PASS" starttime="20230106 20:42:56.692" endtime="20230106 20:42:56.837"/>
</kw>
<kw name="Sleep" library="BuiltIn">
<arg>5</arg>
<doc>Pauses the test executed for the given time.</doc>
<msg timestamp="20230106 20:43:01.841" level="INFO">Slept 5 seconds</msg>
<status status="PASS" starttime="20230106 20:42:56.838" endtime="20230106 20:43:01.841"/>
</kw>
<kw name="Clear Element Text" library="SeleniumLibrary">
<arg>${"email_txt"}</arg>
<doc>Clears the value of the text-input-element identified by ``locator``.</doc>
<status status="PASS" starttime="20230106 20:43:01.842" endtime="20230106 20:43:01.902"/>
</kw>
<kw name="Sleep" library="BuiltIn">
<arg>3</arg>
<doc>Pauses the test executed for the given time.</doc>
<msg timestamp="20230106 20:43:04.910" level="INFO">Slept 3 seconds</msg>
<status status="PASS" starttime="20230106 20:43:01.903" endtime="20230106 20:43:04.910"/>
</kw>
<kw name="Close Browser" library="SeleniumLibrary">
<doc>Closes the current browser.</doc>
<status status="PASS" starttime="20230106 20:43:04.911" endtime="20230106 20:43:07.107"/>
</kw>
<status status="PASS" starttime="20230106 20:42:50.418" endtime="20230106 20:43:07.107"/>
</test>
<status status="PASS" starttime="20230106 20:42:50.142" endtime="20230106 20:43:07.108"/>
</suite>
<status status="PASS" starttime="20230106 20:42:50.116" endtime="20230106 20:43:07.147"/>
</suite>
<statistics>
<total>
<stat pass="1" fail="0" skip="0">All Tests</stat>
</total>
<tag>
</tag>
<suite>
<stat pass="1" fail="0" skip="0" id="s1" name="Suites">Suites</stat>
<stat pass="1" fail="0" skip="0" id="s1-s1" name="Inputbox">Suites.Inputbox</stat>
</suite>
</statistics>
<errors>
</errors>
</robot>
