<?xml version="1.0" encoding="UTF-8"?>
<robot generator="Robot 6.0.1 (Python 3.10.5 on win32)" generated="20230106 20:43:12.250" rpa="false" schemaversion="3">
<suite id="s1" name="Suites">
<suite id="s1-s1" name="Mouseoperation" source="C:\Users\Mansi Patel\PycharmProjects\pythonProject1\pythonProject\RF_project\TestCases\mouseoperation.robot">
<test id="s1-s1-t1" name="MouseActions" line="5">
<kw name="Open Browser" library="SeleniumLibrary">
<arg>https://swisnl.github.io/jQuery-contextMenu/demo.html</arg>
<arg>chrome</arg>
<doc>Opens a new browser instance to the optional ``url``.</doc>
<msg timestamp="20230106 20:43:12.795" level="INFO">Opening browser 'chrome' to base url 'https://swisnl.github.io/jQuery-contextMenu/demo.html'.</msg>
<status status="PASS" starttime="20230106 20:43:12.793" endtime="20230106 20:43:17.024"/>
</kw>
<kw name="Maximize Browser Window" library="SeleniumLibrary">
<doc>Maximizes current browser window.</doc>
<status status="PASS" starttime="20230106 20:43:17.025" endtime="20230106 20:43:17.178"/>
</kw>
<kw name="Open Context Menu" library="SeleniumLibrary">
<arg>xpath:/html/body/div/section/div/div/div/p/span</arg>
<doc>Opens the context menu on the element identified by ``locator``.</doc>
<status status="PASS" starttime="20230106 20:43:17.179" endtime="20230106 20:43:17.580"/>
</kw>
<kw name="Sleep" library="BuiltIn">
<arg>3</arg>
<doc>Pauses the test executed for the given time.</doc>
<msg timestamp="20230106 20:43:20.589" level="INFO">Slept 3 seconds</msg>
<status status="PASS" starttime="20230106 20:43:17.582" endtime="20230106 20:43:20.589"/>
</kw>
<kw name="Go To" library="SeleniumLibrary">
<arg>https://testautomationpractice.blogspot.com/</arg>
<doc>Navigates the current browser window to the provided ``url``.</doc>
<msg timestamp="20230106 20:43:20.591" level="INFO">Opening url 'https://testautomationpractice.blogspot.com/'</msg>
<status status="PASS" starttime="20230106 20:43:20.590" endtime="20230106 20:43:27.997"/>
</kw>
<kw name="Maximize Browser Window" library="SeleniumLibrary">
<doc>Maximizes current browser window.</doc>
<status status="PASS" starttime="20230106 20:43:27.998" endtime="20230106 20:43:28.012"/>
</kw>
<kw name="Double Click Element" library="SeleniumLibrary">
<arg>xpath://*[@id="HTML10"]/div[1]/button</arg>
<doc>Double clicks the element identified by ``locator``.</doc>
<msg timestamp="20230106 20:43:28.014" level="INFO">Double clicking element 'xpath://*[@id="HTML10"]/div[1]/button'.</msg>
<status status="PASS" starttime="20230106 20:43:28.013" endtime="20230106 20:43:28.320"/>
</kw>
<kw name="Sleep" library="BuiltIn">
<arg>5</arg>
<doc>Pauses the test executed for the given time.</doc>
<msg timestamp="20230106 20:43:33.321" level="INFO">Slept 5 seconds</msg>
<status status="PASS" starttime="20230106 20:43:28.321" endtime="20230106 20:43:33.321"/>
</kw>
<kw name="Go To" library="SeleniumLibrary">
<arg>http://www.dhtmlgoodies.com/scripts/drag-drop-custom/demo-drag-drop-3.html</arg>
<doc>Navigates the current browser window to the provided ``url``.</doc>
<msg timestamp="20230106 20:43:33.322" level="INFO">Opening url 'http://www.dhtmlgoodies.com/scripts/drag-drop-custom/demo-drag-drop-3.html'</msg>
<status status="PASS" starttime="20230106 20:43:33.321" endtime="20230106 20:43:41.804"/>
</kw>
<kw name="Maximize Browser Window" library="SeleniumLibrary">
<doc>Maximizes current browser window.</doc>
<status status="PASS" starttime="20230106 20:43:41.804" endtime="20230106 20:43:41.810"/>
</kw>
<kw name="Drag And Drop" library="SeleniumLibrary">
<arg>id:sourseele</arg>
<arg>id:targetele</arg>
<doc>Drags the element identified by ``locator`` into the ``target`` element.</doc>
<msg timestamp="20230106 20:43:42.051" level="INFO" html="true">&lt;/td&gt;&lt;/tr&gt;&lt;tr&gt;&lt;td colspan="3"&gt;&lt;a href="selenium-screenshot-1.png"&gt;&lt;img src="selenium-screenshot-1.png" width="800px"&gt;&lt;/a&gt;</msg>
<msg timestamp="20230106 20:43:42.051" level="FAIL">Element with locator 'id:sourseele' not found.</msg>
<status status="FAIL" starttime="20230106 20:43:41.811" endtime="20230106 20:43:42.092"/>
</kw>
<kw name="Close Browser" library="SeleniumLibrary">
<doc>Closes the current browser.</doc>
<status status="NOT RUN" starttime="20230106 20:43:42.092" endtime="20230106 20:43:42.093"/>
</kw>
<status status="FAIL" starttime="20230106 20:43:12.791" endtime="20230106 20:43:42.093">Element with locator 'id:sourseele' not found.</status>
</test>
<status status="FAIL" starttime="20230106 20:43:12.303" endtime="20230106 20:43:42.095"/>
</suite>
<status status="FAIL" starttime="20230106 20:43:12.264" endtime="20230106 20:43:42.097"/>
</suite>
<statistics>
<total>
<stat pass="0" fail="1" skip="0">All Tests</stat>
</total>
<tag>
</tag>
<suite>
<stat pass="0" fail="1" skip="0" id="s1" name="Suites">Suites</stat>
<stat pass="0" fail="1" skip="0" id="s1-s1" name="Mouseoperation">Suites.Mouseoperation</stat>
</suite>
</statistics>
<errors>
</errors>
</robot>
