<?xml version="1.0" encoding="UTF-8"?>
<robot generator="Robot 6.0.1 (Python 3.10.5 on win32)" generated="20230106 20:42:39.085" rpa="false" schemaversion="3">
<suite id="s1" name="Suites">
<suite id="s1-s1" name="Implicitewait" source="C:\Users\Mansi Patel\PycharmProjects\pythonProject1\pythonProject\RF_project\TestCases\implicitewait.robot">
<test id="s1-s1-t1" name="RegTest" line="5">
<kw name="Open Browser" library="SeleniumLibrary">
<arg>http://demowebshop.tricentis.com/register</arg>
<arg>chrome</arg>
<doc>Opens a new browser instance to the optional ``url``.</doc>
<msg timestamp="20230106 20:42:39.631" level="INFO">Opening browser 'chrome' to base url 'http://demowebshop.tricentis.com/register'.</msg>
<status status="PASS" starttime="20230106 20:42:39.630" endtime="20230106 20:42:45.564"/>
</kw>
<kw name="Maximize Browser Window" library="SeleniumLibrary">
<doc>Maximizes current browser window.</doc>
<status status="PASS" starttime="20230106 20:42:45.564" endtime="20230106 20:42:45.724"/>
</kw>
<kw name="Set Selenium Implicit Wait" library="SeleniumLibrary">
<arg>10 seconds</arg>
<doc>Sets the implicit wait value used by Selenium.</doc>
<status status="PASS" starttime="20230106 20:42:45.725" endtime="20230106 20:42:45.731"/>
</kw>
<kw name="Select Radio Button" library="SeleniumLibrary">
<arg>Gender</arg>
<arg>M</arg>
<doc>Sets the radio button group ``group_name`` to ``value``.</doc>
<msg timestamp="20230106 20:42:45.737" level="INFO">Selecting 'M' from radio button 'Gender'.</msg>
<status status="PASS" starttime="20230106 20:42:45.734" endtime="20230106 20:42:45.988"/>
</kw>
<kw name="Input Text" library="SeleniumLibrary">
<arg>id:FirstName</arg>
<arg>abc</arg>
<doc>Types the given ``text`` into the text field identified by ``locator``.</doc>
<msg timestamp="20230106 20:42:45.993" level="INFO">Typing text 'abc' into text field 'id:FirstName'.</msg>
<status status="PASS" starttime="20230106 20:42:45.989" endtime="20230106 20:42:46.331"/>
</kw>
<kw name="Input Text" library="SeleniumLibrary">
<arg>id:LastName</arg>
<arg>xyz</arg>
<doc>Types the given ``text`` into the text field identified by ``locator``.</doc>
<msg timestamp="20230106 20:42:46.336" level="INFO">Typing text 'xyz' into text field 'id:LastName'.</msg>
<status status="PASS" starttime="20230106 20:42:46.331" endtime="20230106 20:42:46.692"/>
</kw>
<kw name="Input Text" library="SeleniumLibrary">
<arg>name:Email</arg>
<arg>abc@gmial.com</arg>
<doc>Types the given ``text`` into the text field identified by ``locator``.</doc>
<msg timestamp="20230106 20:42:46.696" level="INFO">Typing text 'abc@gmial.com' into text field 'name:Email'.</msg>
<status status="PASS" starttime="20230106 20:42:46.693" endtime="20230106 20:42:46.913"/>
</kw>
<kw name="Input Text" library="SeleniumLibrary">
<arg>id:Password</arg>
<arg>abc123</arg>
<doc>Types the given ``text`` into the text field identified by ``locator``.</doc>
<msg timestamp="20230106 20:42:46.915" level="INFO">Typing text 'abc123' into text field 'id:Password'.</msg>
<status status="PASS" starttime="20230106 20:42:46.913" endtime="20230106 20:42:47.084"/>
</kw>
<kw name="Input Text" library="SeleniumLibrary">
<arg>id:ConfirmPassword</arg>
<arg>abc123</arg>
<doc>Types the given ``text`` into the text field identified by ``locator``.</doc>
<msg timestamp="20230106 20:42:47.086" level="INFO">Typing text 'abc123' into text field 'id:ConfirmPassword'.</msg>
<status status="PASS" starttime="20230106 20:42:47.084" endtime="20230106 20:42:47.209"/>
</kw>
<status status="PASS" starttime="20230106 20:42:39.630" endtime="20230106 20:42:47.210"/>
</test>
<status status="PASS" starttime="20230106 20:42:39.146" endtime="20230106 20:42:47.211"/>
</suite>
<status status="PASS" starttime="20230106 20:42:39.105" endtime="20230106 20:42:47.213"/>
</suite>
<statistics>
<total>
<stat pass="1" fail="0" skip="0">All Tests</stat>
</total>
<tag>
</tag>
<suite>
<stat pass="1" fail="0" skip="0" id="s1" name="Suites">Suites</stat>
<stat pass="1" fail="0" skip="0" id="s1-s1" name="Implicitewait">Suites.Implicitewait</stat>
</suite>
</statistics>
<errors>
</errors>
</robot>
