<?xml version="1.0" encoding="UTF-8"?>
<robot generator="Robot 6.0.1 (Python 3.10.5 on win32)" generated="20230106 20:44:37.901" rpa="false" schemaversion="3">
<suite id="s1" name="Suites">
<suite id="s1-s1" name="Tagging" source="C:\Users\Mansi Patel\PycharmProjects\pythonProject1\pythonProject\RF_project\TestCases\tagging.robot">
<test id="s1-s1-t1" name="TC1 User RegistrationTest" line="5">
<kw name="Log To Console" library="BuiltIn">
<arg>This is user reg test</arg>
<doc>Logs the given message to the console.</doc>
<status status="PASS" starttime="20230106 20:44:37.959" endtime="20230106 20:44:37.960"/>
</kw>
<kw name="Log To Console" library="BuiltIn">
<arg>user registration test is over</arg>
<doc>Logs the given message to the console.</doc>
<status status="PASS" starttime="20230106 20:44:37.960" endtime="20230106 20:44:37.960"/>
</kw>
<tag>regression</tag>
<status status="PASS" starttime="20230106 20:44:37.958" endtime="20230106 20:44:37.961"/>
</test>
<test id="s1-s1-t2" name="TC2 Loigntest" line="9">
<kw name="Log To Console" library="BuiltIn">
<arg>This is login test</arg>
<doc>Logs the given message to the console.</doc>
<status status="PASS" starttime="20230106 20:44:37.964" endtime="20230106 20:44:37.965"/>
</kw>
<kw name="Log To Console" library="BuiltIn">
<arg>Login test is over</arg>
<doc>Logs the given message to the console.</doc>
<status status="PASS" starttime="20230106 20:44:37.965" endtime="20230106 20:44:37.966"/>
</kw>
<tag>sanity</tag>
<status status="PASS" starttime="20230106 20:44:37.963" endtime="20230106 20:44:37.966"/>
</test>
<test id="s1-s1-t3" name="TC3 Chnage user settings" line="13">
<kw name="Log To Console" library="BuiltIn">
<arg>This is change user setting test</arg>
<doc>Logs the given message to the console.</doc>
<status status="PASS" starttime="20230106 20:44:37.967" endtime="20230106 20:44:37.968"/>
</kw>
<kw name="Log To Console" library="BuiltIn">
<arg>Change user setting test is over</arg>
<doc>Logs the given message to the console.</doc>
<status status="PASS" starttime="20230106 20:44:37.968" endtime="20230106 20:44:37.969"/>
</kw>
<tag>regression</tag>
<status status="PASS" starttime="20230106 20:44:37.966" endtime="20230106 20:44:37.969"/>
</test>
<test id="s1-s1-t4" name="TC4 Logout Test" line="17">
<kw name="Log To Console" library="BuiltIn">
<arg>This is logout test</arg>
<doc>Logs the given message to the console.</doc>
<status status="PASS" starttime="20230106 20:44:37.970" endtime="20230106 20:44:37.971"/>
</kw>
<kw name="Log To Console" library="BuiltIn">
<arg>logout test is over</arg>
<doc>Logs the given message to the console.</doc>
<status status="PASS" starttime="20230106 20:44:37.971" endtime="20230106 20:44:37.973"/>
</kw>
<tag>sanity</tag>
<status status="PASS" starttime="20230106 20:44:37.969" endtime="20230106 20:44:37.973"/>
</test>
<status status="PASS" starttime="20230106 20:44:37.946" endtime="20230106 20:44:37.974"/>
</suite>
<status status="PASS" starttime="20230106 20:44:37.913" endtime="20230106 20:44:37.975"/>
</suite>
<statistics>
<total>
<stat pass="4" fail="0" skip="0">All Tests</stat>
</total>
<tag>
<stat pass="2" fail="0" skip="0">regression</stat>
<stat pass="2" fail="0" skip="0">sanity</stat>
</tag>
<suite>
<stat pass="4" fail="0" skip="0" id="s1" name="Suites">Suites</stat>
<stat pass="4" fail="0" skip="0" id="s1-s1" name="Tagging">Suites.Tagging</stat>
</suite>
</statistics>
<errors>
</errors>
</robot>
